<?xml version="1.0" encoding="UTF-8"?>
<!-- Generated by org.testng.reporters.JUnitReportReporter -->
<testsuite skipped="0" hostname="Ksenias-MBP.home" name="com.syntax.class24.testNGTest" tests="1" failures="0" timestamp="2020-08-28T23:56:40 EDT" time="0.007" errors="0">
  <testcase name="hello" time="0.007" classname="com.syntax.class24.testNGTest"/>
  <system-out/>
</testsuite> <!-- com.syntax.class24.testNGTest -->
